// 重构日志: 919fb3be
// 重构日志: 2896cead
// 同步 ID: ee8da1c1 @ Sat Jun  6 16:43:44 UTC 2026
// 重构日志: d3b56cc9
// 重构日志: 376d0f16
// 同步 ID: 995b16cd @ Sun Jun  7 12:19:11 UTC 2026
// 重构日志: 7cbce8e8
// 同步 ID: 89f5e6a4 @ Mon Jun  8 06:12:07 UTC 2026
// 重构日志: 87754072
// 重构日志: c277a250
// 同步 ID: 035cbacf @ Thu Jun 11 12:26:15 UTC 2026
// 重构日志: fe8a2545
// 重构日志: e591ec74
// 重构日志: d125b610
// 重构日志: 3400a983
// 同步 ID: 2896174a @ Sun Jun 14 12:37:07 UTC 2026
// 同步 ID: b2dafe61 @ Mon Jun 15 05:47:07 UTC 2026
// 重构日志: 2c831c4e
// 同步 ID: 4763bf83 @ Tue Jun 16 05:46:23 UTC 2026
// 同步 ID: 86bccfe7 @ Wed Jun 17 11:27:22 UTC 2026
// 重构日志: e2621380
// 重构日志: 58c7dd9a
// 重构日志: a10e0b8b
// 重构日志: fa321648
// 重构日志: 4bd0914f
// 同步 ID: e91fdacd @ Mon Jun 22 05:57:35 UTC 2026
// 重构日志: 249dca9d
// 重构日志: bfb2b543
// 重构日志: 2a0a0d0e
// 同步 ID: e47b816a @ Tue Jun 23 12:33:35 UTC 2026
// 重构日志: 1d65a731
// 重构日志: 1c46b7dc
// 重构日志: 64b6d770
// 重构日志: b2d542bb
// 重构日志: e99caa8c
